Arguments: 
  C:\Program Files\nodejs\node.exe C:\Users\iagob\AppData\Roaming\npm\node_modules\yarn\bin\yarn.js add recyclerlistview

PATH: 
  C:\Windows\system32;C:\Windows;C:\Windows\System32\Wbem;C:\Windows\System32\WindowsPowerShell\v1.0\;C:\Windows\System32\OpenSSH\;C:\Program Files\nodejs\;C:\Program Files\Git\cmd;C:\Users\iagob\AppData\Local\Microsoft\WindowsApps;C:\Users\iagob\AppData\Roaming\npm;C:\Users\iagob\AppData\Local\Programs\Microsoft VS Code\bin;C:\Users\iagob\AppData\Local\Android\Sdk\platform-tools;

Yarn version: 
  1.22.19

Node version: 
  18.15.0

Platform: 
  win32 ia32

Trace: 
  Error: https://registry.yarnpkg.com/@expo/cli/-/cli-0.7.3.tgz: ESOCKETTIMEDOUT
      at ClientRequest.<anonymous> (C:\Users\iagob\AppData\Roaming\npm\node_modules\yarn\lib\cli.js:141517:19)
      at Object.onceWrapper (node:events:627:28)
      at ClientRequest.emit (node:events:513:28)
      at TLSSocket.emitRequestTimeout (node:_http_client:848:9)
      at Object.onceWrapper (node:events:627:28)
      at TLSSocket.emit (node:events:525:35)
      at Socket._onTimeout (node:net:570:8)
      at listOnTimeout (node:internal/timers:569:17)
      at process.processTimers (node:internal/timers:512:7)

npm manifest: 
  {
    "name": "music-player",
    "version": "1.0.0",
    "scripts": {
      "start": "expo start",
      "android": "expo start --android",
      "ios": "expo start --ios",
      "web": "expo start --web",
      "test": "jest --watchAll"
    },
    "jest": {
      "preset": "jest-expo"
    },
    "dependencies": {
      "@expo/vector-icons": "^13.0.0",
      "@react-navigation/native": "^6.0.2",
      "expo": "~48.0.10",
      "expo-av": "~13.2.1",
      "expo-font": "~11.1.1",
      "expo-linking": "~4.0.1",
      "expo-media-library": "^15.2.3",
      "expo-router": "^1.5.2",
      "expo-splash-screen": "~0.18.1",
      "expo-status-bar": "~1.4.4",
      "expo-system-ui": "~2.2.1",
      "expo-web-browser": "~12.1.1",
      "nativewind": "^2.0.11",
      "react": "18.2.0",
      "react-dom": "18.2.0",
      "react-native": "0.71.6",
      "react-native-safe-area-context": "4.5.0",
      "react-native-screens": "~3.20.0",
      "react-native-web": "~0.18.10"
    },
    "devDependencies": {
      "@babel/core": "^7.20.0",
      "@types/react": "~18.0.14",
      "jest": "^29.2.1",
      "jest-expo": "~48.0.0",
      "react-test-renderer": "18.2.0",
      "tailwindcss": "^3.3.2",
      "typescript": "^4.9.4"
    },
    "private": true
  }

yarn manifest: 
  No manifest

Lockfile: 
  No lockfile
